<?xml version="1.0" encoding="UTF-8"?>
<!-- Generated by org.testng.reporters.JUnitReportReporter -->
<testsuite hostname="LAPTOP-C2U6NKPV" failures="0" tests="1" name="org.testRunner.TestNGTestRunner" time="45.264" errors="0" timestamp="2024-12-18T19:04:54 IST" skipped="0">
  <testcase classname="org.testRunner.TestNGTestRunner" name="runScenario" time="45.264"/>
</testsuite> <!-- org.testRunner.TestNGTestRunner -->
